生成启动时间为 2016/12/19 23:29:57。
     1>项目“H:\codeGit\BresenhamAlgorithm\BresenhamAlgorithm\BresenhamAlgorithm.vcxproj”在节点 2 上(Build 个目标)。
     1>ClCompile:
         E:\Program Files (x86)\Microsoft Visual Studio 12.0\VC\bin\CL.exe /c /ZI /nologo /W3 /WX- /sdl /Od /Oy- /D _MBCS /Gm /EHsc /RTC1 /MDd /GS /fp:precise /Zc:wchar_t /Zc:forScope /Fo"Debug\\" /Fd"Debug\vc120.pdb" /Gd /TP /analyze- /errorReport:prompt main.cpp
         main.cpp
     1>h:\codegit\bresenhamalgorithm\bresenhamalgorithm\main.cpp(7): warning C4067: 预处理器指令后有意外标记 - 应输入换行符
     1>h:\codegit\bresenhamalgorithm\bresenhamalgorithm\point.h(9): warning C4067: 预处理器指令后有意外标记 - 应输入换行符
     1>h:\codegit\bresenhamalgorithm\bresenhamalgorithm\line.h(54): warning C4244: “初始化”: 从“int”转换到“float”，可能丢失数据
     1>h:\codegit\bresenhamalgorithm\bresenhamalgorithm\line.h(57): warning C4244: “参数”: 从“float”转换到“int”，可能丢失数据
     1>h:\codegit\bresenhamalgorithm\bresenhamalgorithm\line.h(62): warning C4244: “参数”: 从“float”转换到“int”，可能丢失数据
     1>h:\codegit\bresenhamalgorithm\bresenhamalgorithm\polygon.h(41): warning C4018: “<”: 有符号/无符号不匹配
     1>h:\codegit\bresenhamalgorithm\bresenhamalgorithm\polygon.h(49): warning C4018: “<”: 有符号/无符号不匹配
     1>h:\codegit\bresenhamalgorithm\bresenhamalgorithm\polygon.h(62): warning C4018: “<”: 有符号/无符号不匹配
     1>h:\codegit\bresenhamalgorithm\bresenhamalgorithm\shadowline.h(55): warning C4018: “<”: 有符号/无符号不匹配
     1>h:\codegit\bresenhamalgorithm\bresenhamalgorithm\shadowline.h(64): warning C4018: “<”: 有符号/无符号不匹配
     1>h:\codegit\bresenhamalgorithm\bresenhamalgorithm\shadowline.h(74): warning C4018: “<”: 有符号/无符号不匹配
     1>h:\codegit\bresenhamalgorithm\bresenhamalgorithm\shadowline.h(81): warning C4018: “<”: 有符号/无符号不匹配
     1>h:\codegit\bresenhamalgorithm\bresenhamalgorithm\shadowline.h(103): warning C4018: “<”: 有符号/无符号不匹配
     1>h:\codegit\bresenhamalgorithm\bresenhamalgorithm\shadowline.h(114): warning C4244: “初始化”: 从“float”转换到“int”，可能丢失数据
     1>h:\codegit\bresenhamalgorithm\bresenhamalgorithm\shadowline.h(115): warning C4244: “初始化”: 从“float”转换到“int”，可能丢失数据
     1>h:\codegit\bresenhamalgorithm\bresenhamalgorithm\shadowline.h(120): warning C4018: “<”: 有符号/无符号不匹配
     1>h:\codegit\bresenhamalgorithm\bresenhamalgorithm\shadowline.h(131): warning C4244: “初始化”: 从“float”转换到“int”，可能丢失数据
     1>h:\codegit\bresenhamalgorithm\bresenhamalgorithm\shadowline.h(132): warning C4244: “初始化”: 从“float”转换到“int”，可能丢失数据
     1>h:\codegit\bresenhamalgorithm\bresenhamalgorithm\shadowline.h(138): warning C4018: “<”: 有符号/无符号不匹配
     1>h:\codegit\bresenhamalgorithm\bresenhamalgorithm\scanline.h(64): warning C4018: “<”: 有符号/无符号不匹配
     1>h:\codegit\bresenhamalgorithm\bresenhamalgorithm\scanline.h(108): warning C4018: “<”: 有符号/无符号不匹配
     1>h:\codegit\bresenhamalgorithm\bresenhamalgorithm\scanline.h(113): warning C4018: “<”: 有符号/无符号不匹配
     1>h:\codegit\bresenhamalgorithm\bresenhamalgorithm\scanline.h(119): warning C4244: “=”: 从“int”转换到“float”，可能丢失数据
     1>h:\codegit\bresenhamalgorithm\bresenhamalgorithm\scanline.h(121): warning C4244: “=”: 从“int”转换到“float”，可能丢失数据
     1>h:\codegit\bresenhamalgorithm\bresenhamalgorithm\scanline.h(122): warning C4244: “=”: 从“int”转换到“float”，可能丢失数据
     1>h:\codegit\bresenhamalgorithm\bresenhamalgorithm\scanline.h(143): warning C4018: “<”: 有符号/无符号不匹配
     1>h:\codegit\bresenhamalgorithm\bresenhamalgorithm\scanline.h(309): warning C4244: “参数”: 从“float”转换到“int”，可能丢失数据
     1>h:\codegit\bresenhamalgorithm\bresenhamalgorithm\scanline.h(317): warning C4244: “参数”: 从“float”转换到“int”，可能丢失数据
     1>h:\codegit\bresenhamalgorithm\bresenhamalgorithm\main.cpp(90): warning C4305: “参数”: 从“double”到“float”截断
     1>h:\codegit\bresenhamalgorithm\bresenhamalgorithm\main.cpp(49): warning C4101: “i”: 未引用的局部变量
       Link:
         E:\Program Files (x86)\Microsoft Visual Studio 12.0\VC\bin\link.exe /ERRORREPORT:PROMPT /OUT:"H:\codeGit\BresenhamAlgorithm\Debug\BresenhamAlgorithm.exe" /INCREMENTAL /NOLOGO opencv_calib3d249d.lib opencv_contrib249d.lib opencv_core249d.lib opencv_features2d249d.lib opencv_flann249d.lib opencv_gpu249d.lib opencv_highgui249d.lib opencv_imgproc249d.lib opencv_legacy249d.lib opencv_ml249d.lib opencv_nonfree249d.lib opencv_objdetect249d.lib opencv_ocl249d.lib opencv_photo249d.lib opencv_stitching249d.lib opencv_superres249d.lib opencv_ts249d.lib opencv_video249d.lib opencv_videostab249d.lib opencv_calib3d249.lib opencv_contrib249.lib opencv_core249.lib opencv_features2d249.lib opencv_flann249.lib opencv_gpu249.lib opencv_highgui249.lib opencv_imgproc249.lib opencv_legacy249.lib opencv_ml249.lib opencv_nonfree249.lib opencv_objdetect249.lib opencv_ocl249.lib opencv_photo249.lib opencv_stitching249.lib opencv_superres249.lib opencv_ts249.lib opencv_video249.lib opencv_videostab249.lib kernel32.lib user32.lib gdi32.lib winspool.lib comdlg32.lib advapi32.lib shell32.lib ole32.lib oleaut32.lib uuid.lib odbc32.lib odbccp32.lib /MANIFEST /MANIFESTUAC:"level='asInvoker' uiAccess='false'" /manifest:embed /DEBUG /PDB:"H:\codeGit\BresenhamAlgorithm\Debug\BresenhamAlgorithm.pdb" /TLBID:1 /DYNAMICBASE /NXCOMPAT /IMPLIB:"H:\codeGit\BresenhamAlgorithm\Debug\BresenhamAlgorithm.lib" /MACHINE:X86 Debug\main.obj
         BresenhamAlgorithm.vcxproj -> H:\codeGit\BresenhamAlgorithm\Debug\BresenhamAlgorithm.exe
     1>已完成生成项目“H:\codeGit\BresenhamAlgorithm\BresenhamAlgorithm\BresenhamAlgorithm.vcxproj”(Build 个目标)的操作。

生成成功。

已用时间 00:00:01.25
